<?xml version="1.0" encoding="UTF-8"?>
<!-- Generated by org.testng.reporters.JUnitReportReporter -->
<testsuite hostname="DESKTOP-5FMLFBE" failures="0" tests="1" name="tests.NewTest" time="4.034" errors="0" timestamp="2020-02-08T14:03:36 IST" skipped="0">
  <testcase classname="tests.NewTest" name="openMyBlog" time="4.034"/>
</testsuite> <!-- tests.NewTest -->
